This is pdfTeX, Version 3.14159265-2.6-1.40.18 (TeX Live 2017/Debian) (preloaded format=pdflatex 2019.6.7)  11 MAY 2020 19:38
entering extended mode
 restricted \write18 enabled.
 %&-line parsing enabled.
**main.tex
(./main.tex
LaTeX2e <2017-04-15>
Babel <3.18> and hyphenation patterns for 84 language(s) loaded.
(./dcc-nce.cls (/usr/share/texlive/texmf-dist/tex/latex/base/inputenc.sty
Package: inputenc 2015/03/17 v1.2c Input encoding file
\inpenc@prehook=\toks14
\inpenc@posthook=\toks15

(/usr/share/texlive/texmf-dist/tex/latex/base/utf8.def
File: utf8.def 2017/01/28 v1.1t UTF-8 support for inputenc
Now handling font encoding OML ...
... no UTF-8 mapping file for font encoding OML
Now handling font encoding T1 ...
... processing UTF-8 mapping file for font encoding T1

(/usr/share/texlive/texmf-dist/tex/latex/base/t1enc.dfu
File: t1enc.dfu 2017/01/28 v1.1t UTF-8 support for inputenc
   defining Unicode char U+00A0 (decimal 160)
   defining Unicode char U+00A1 (decimal 161)
   defining Unicode char U+00A3 (decimal 163)
   defining Unicode char U+00AB (decimal 171)
   defining Unicode char U+00AD (decimal 173)
   defining Unicode char U+00BB (decimal 187)
   defining Unicode char U+00BF (decimal 191)
   defining Unicode char U+00C0 (decimal 192)
   defining Unicode char U+00C1 (decimal 193)
   defining Unicode char U+00C2 (decimal 194)
   defining Unicode char U+00C3 (decimal 195)
   defining Unicode char U+00C4 (decimal 196)
   defining Unicode char U+00C5 (decimal 197)
   defining Unicode char U+00C6 (decimal 198)
   defining Unicode char U+00C7 (decimal 199)
   defining Unicode char U+00C8 (decimal 200)
   defining Unicode char U+00C9 (decimal 201)
   defining Unicode char U+00CA (decimal 202)
   defining Unicode char U+00CB (decimal 203)
   defining Unicode char U+00CC (decimal 204)
   defining Unicode char U+00CD (decimal 205)
   defining Unicode char U+00CE (decimal 206)
   defining Unicode char U+00CF (decimal 207)
   defining Unicode char U+00D0 (decimal 208)
   defining Unicode char U+00D1 (decimal 209)
   defining Unicode char U+00D2 (decimal 210)
   defining Unicode char U+00D3 (decimal 211)
   defining Unicode char U+00D4 (decimal 212)
   defining Unicode char U+00D5 (decimal 213)
   defining Unicode char U+00D6 (decimal 214)
   defining Unicode char U+00D8 (decimal 216)
   defining Unicode char U+00D9 (decimal 217)
   defining Unicode char U+00DA (decimal 218)
   defining Unicode char U+00DB (decimal 219)
   defining Unicode char U+00DC (decimal 220)
   defining Unicode char U+00DD (decimal 221)
   defining Unicode char U+00DE (decimal 222)
   defining Unicode char U+00DF (decimal 223)
   defining Unicode char U+00E0 (decimal 224)
   defining Unicode char U+00E1 (decimal 225)
   defining Unicode char U+00E2 (decimal 226)
   defining Unicode char U+00E3 (decimal 227)
   defining Unicode char U+00E4 (decimal 228)
   defining Unicode char U+00E5 (decimal 229)
   defining Unicode char U+00E6 (decimal 230)
   defining Unicode char U+00E7 (decimal 231)
   defining Unicode char U+00E8 (decimal 232)
   defining Unicode char U+00E9 (decimal 233)
   defining Unicode char U+00EA (decimal 234)
   defining Unicode char U+00EB (decimal 235)
   defining Unicode char U+00EC (decimal 236)
   defining Unicode char U+00ED (decimal 237)
   defining Unicode char U+00EE (decimal 238)
   defining Unicode char U+00EF (decimal 239)
   defining Unicode char U+00F0 (decimal 240)
   defining Unicode char U+00F1 (decimal 241)
   defining Unicode char U+00F2 (decimal 242)
   defining Unicode char U+00F3 (decimal 243)
   defining Unicode char U+00F4 (decimal 244)
   defining Unicode char U+00F5 (decimal 245)
   defining Unicode char U+00F6 (decimal 246)
   defining Unicode char U+00F8 (decimal 248)
   defining Unicode char U+00F9 (decimal 249)
   defining Unicode char U+00FA (decimal 250)
   defining Unicode char U+00FB (decimal 251)
   defining Unicode char U+00FC (decimal 252)
   defining Unicode char U+00FD (decimal 253)
   defining Unicode char U+00FE (decimal 254)
   defining Unicode char U+00FF (decimal 255)
   defining Unicode char U+0100 (decimal 256)
   defining Unicode char U+0101 (decimal 257)
   defining Unicode char U+0102 (decimal 258)
   defining Unicode char U+0103 (decimal 259)
   defining Unicode char U+0104 (decimal 260)
   defining Unicode char U+0105 (decimal 261)
   defining Unicode char U+0106 (decimal 262)
   defining Unicode char U+0107 (decimal 263)
   defining Unicode char U+0108 (decimal 264)
   defining Unicode char U+0109 (decimal 265)
   defining Unicode char U+010A (decimal 266)
   defining Unicode char U+010B (decimal 267)
   defining Unicode char U+010C (decimal 268)
   defining Unicode char U+010D (decimal 269)
   defining Unicode char U+010E (decimal 270)
   defining Unicode char U+010F (decimal 271)
   defining Unicode char U+0110 (decimal 272)
   defining Unicode char U+0111 (decimal 273)
   defining Unicode char U+0112 (decimal 274)
   defining Unicode char U+0113 (decimal 275)
   defining Unicode char U+0114 (decimal 276)
   defining Unicode char U+0115 (decimal 277)
   defining Unicode char U+0116 (decimal 278)
   defining Unicode char U+0117 (decimal 279)
   defining Unicode char U+0118 (decimal 280)
   defining Unicode char U+0119 (decimal 281)
   defining Unicode char U+011A (decimal 282)
   defining Unicode char U+011B (decimal 283)
   defining Unicode char U+011C (decimal 284)
   defining Unicode char U+011D (decimal 285)
   defining Unicode char U+011E (decimal 286)
   defining Unicode char U+011F (decimal 287)
   defining Unicode char U+0120 (decimal 288)
   defining Unicode char U+0121 (decimal 289)
   defining Unicode char U+0122 (decimal 290)
   defining Unicode char U+0123 (decimal 291)
   defining Unicode char U+0124 (decimal 292)
   defining Unicode char U+0125 (decimal 293)
   defining Unicode char U+0128 (decimal 296)
   defining Unicode char U+0129 (decimal 297)
   defining Unicode char U+012A (decimal 298)
   defining Unicode char U+012B (decimal 299)
   defining Unicode char U+012C (decimal 300)
   defining Unicode char U+012D (decimal 301)
   defining Unicode char U+012E (decimal 302)
   defining Unicode char U+012F (decimal 303)
   defining Unicode char U+0130 (decimal 304)
   defining Unicode char U+0131 (decimal 305)
   defining Unicode char U+0132 (decimal 306)
   defining Unicode char U+0133 (decimal 307)
   defining Unicode char U+0134 (decimal 308)
   defining Unicode char U+0135 (decimal 309)
   defining Unicode char U+0136 (decimal 310)
   defining Unicode char U+0137 (decimal 311)
   defining Unicode char U+0139 (decimal 313)
   defining Unicode char U+013A (decimal 314)
   defining Unicode char U+013B (decimal 315)
   defining Unicode char U+013C (decimal 316)
   defining Unicode char U+013D (decimal 317)
   defining Unicode char U+013E (decimal 318)
   defining Unicode char U+0141 (decimal 321)
   defining Unicode char U+0142 (decimal 322)
   defining Unicode char U+0143 (decimal 323)
   defining Unicode char U+0144 (decimal 324)
   defining Unicode char U+0145 (decimal 325)
   defining Unicode char U+0146 (decimal 326)
   defining Unicode char U+0147 (decimal 327)
   defining Unicode char U+0148 (decimal 328)
   defining Unicode char U+014A (decimal 330)
   defining Unicode char U+014B (decimal 331)
   defining Unicode char U+014C (decimal 332)
   defining Unicode char U+014D (decimal 333)
   defining Unicode char U+014E (decimal 334)
   defining Unicode char U+014F (decimal 335)
   defining Unicode char U+0150 (decimal 336)
   defining Unicode char U+0151 (decimal 337)
   defining Unicode char U+0152 (decimal 338)
   defining Unicode char U+0153 (decimal 339)
   defining Unicode char U+0154 (decimal 340)
   defining Unicode char U+0155 (decimal 341)
   defining Unicode char U+0156 (decimal 342)
   defining Unicode char U+0157 (decimal 343)
   defining Unicode char U+0158 (decimal 344)
   defining Unicode char U+0159 (decimal 345)
   defining Unicode char U+015A (decimal 346)
   defining Unicode char U+015B (decimal 347)
   defining Unicode char U+015C (decimal 348)
   defining Unicode char U+015D (decimal 349)
   defining Unicode char U+015E (decimal 350)
   defining Unicode char U+015F (decimal 351)
   defining Unicode char U+0160 (decimal 352)
   defining Unicode char U+0161 (decimal 353)
   defining Unicode char U+0162 (decimal 354)
   defining Unicode char U+0163 (decimal 355)
   defining Unicode char U+0164 (decimal 356)
   defining Unicode char U+0165 (decimal 357)
   defining Unicode char U+0168 (decimal 360)
   defining Unicode char U+0169 (decimal 361)
   defining Unicode char U+016A (decimal 362)
   defining Unicode char U+016B (decimal 363)
   defining Unicode char U+016C (decimal 364)
   defining Unicode char U+016D (decimal 365)
   defining Unicode char U+016E (decimal 366)
   defining Unicode char U+016F (decimal 367)
   defining Unicode char U+0170 (decimal 368)
   defining Unicode char U+0171 (decimal 369)
   defining Unicode char U+0172 (decimal 370)
   defining Unicode char U+0173 (decimal 371)
   defining Unicode char U+0174 (decimal 372)
   defining Unicode char U+0175 (decimal 373)
   defining Unicode char U+0176 (decimal 374)
   defining Unicode char U+0177 (decimal 375)
   defining Unicode char U+0178 (decimal 376)
   defining Unicode char U+0179 (decimal 377)
   defining Unicode char U+017A (decimal 378)
   defining Unicode char U+017B (decimal 379)
   defining Unicode char U+017C (decimal 380)
   defining Unicode char U+017D (decimal 381)
   defining Unicode char U+017E (decimal 382)
   defining Unicode char U+01CD (decimal 461)
   defining Unicode char U+01CE (decimal 462)
   defining Unicode char U+01CF (decimal 463)
   defining Unicode char U+01D0 (decimal 464)
   defining Unicode char U+01D1 (decimal 465)
   defining Unicode char U+01D2 (decimal 466)
   defining Unicode char U+01D3 (decimal 467)
   defining Unicode char U+01D4 (decimal 468)
   defining Unicode char U+01E2 (decimal 482)
   defining Unicode char U+01E3 (decimal 483)
   defining Unicode char U+01E6 (decimal 486)
   defining Unicode char U+01E7 (decimal 487)
   defining Unicode char U+01E8 (decimal 488)
   defining Unicode char U+01E9 (decimal 489)
   defining Unicode char U+01EA (decimal 490)
   defining Unicode char U+01EB (decimal 491)
   defining Unicode char U+01F0 (decimal 496)
   defining Unicode char U+01F4 (decimal 500)
   defining Unicode char U+01F5 (decimal 501)
   defining Unicode char U+0218 (decimal 536)
   defining Unicode char U+0219 (decimal 537)
   defining Unicode char U+021A (decimal 538)
   defining Unicode char U+021B (decimal 539)
   defining Unicode char U+0232 (decimal 562)
   defining Unicode char U+0233 (decimal 563)
   defining Unicode char U+1E02 (decimal 7682)
   defining Unicode char U+1E03 (decimal 7683)
   defining Unicode char U+200C (decimal 8204)
   defining Unicode char U+2010 (decimal 8208)
   defining Unicode char U+2011 (decimal 8209)
   defining Unicode char U+2012 (decimal 8210)
   defining Unicode char U+2013 (decimal 8211)
   defining Unicode char U+2014 (decimal 8212)
   defining Unicode char U+2015 (decimal 8213)
   defining Unicode char U+2018 (decimal 8216)
   defining Unicode char U+2019 (decimal 8217)
   defining Unicode char U+201A (decimal 8218)
   defining Unicode char U+201C (decimal 8220)
   defining Unicode char U+201D (decimal 8221)
   defining Unicode char U+201E (decimal 8222)
   defining Unicode char U+2030 (decimal 8240)
   defining Unicode char U+2031 (decimal 8241)
   defining Unicode char U+2039 (decimal 8249)
   defining Unicode char U+203A (decimal 8250)
   defining Unicode char U+2423 (decimal 9251)
   defining Unicode char U+1E20 (decimal 7712)
   defining Unicode char U+1E21 (decimal 7713)
)
Now handling font encoding OT1 ...
... processing UTF-8 mapping file for font encoding OT1

(/usr/share/texlive/texmf-dist/tex/latex/base/ot1enc.dfu
File: ot1enc.dfu 2017/01/28 v1.1t UTF-8 support for inputenc
   defining Unicode char U+00A0 (decimal 160)
   defining Unicode char U+00A1 (decimal 161)
   defining Unicode char U+00A3 (decimal 163)
   defining Unicode char U+00AD (decimal 173)
   defining Unicode char U+00B8 (decimal 184)
   defining Unicode char U+00BF (decimal 191)
   defining Unicode char U+00C5 (decimal 197)
   defining Unicode char U+00C6 (decimal 198)
   defining Unicode char U+00D8 (decimal 216)
   defining Unicode char U+00DF (decimal 223)
   defining Unicode char U+00E6 (decimal 230)
   defining Unicode char U+00EC (decimal 236)
   defining Unicode char U+00ED (decimal 237)
   defining Unicode char U+00EE (decimal 238)
   defining Unicode char U+00EF (decimal 239)
   defining Unicode char U+00F8 (decimal 248)
   defining Unicode char U+0131 (decimal 305)
   defining Unicode char U+0141 (decimal 321)
   defining Unicode char U+0142 (decimal 322)
   defining Unicode char U+0152 (decimal 338)
   defining Unicode char U+0153 (decimal 339)
   defining Unicode char U+0174 (decimal 372)
   defining Unicode char U+0175 (decimal 373)
   defining Unicode char U+0176 (decimal 374)
   defining Unicode char U+0177 (decimal 375)
   defining Unicode char U+0218 (decimal 536)
   defining Unicode char U+0219 (decimal 537)
   defining Unicode char U+021A (decimal 538)
   defining Unicode char U+021B (decimal 539)
   defining Unicode char U+2013 (decimal 8211)
   defining Unicode char U+2014 (decimal 8212)
   defining Unicode char U+2018 (decimal 8216)
   defining Unicode char U+2019 (decimal 8217)
   defining Unicode char U+201C (decimal 8220)
   defining Unicode char U+201D (decimal 8221)
)
Now handling font encoding OMS ...
... processing UTF-8 mapping file for font encoding OMS

(/usr/share/texlive/texmf-dist/tex/latex/base/omsenc.dfu
File: omsenc.dfu 2017/01/28 v1.1t UTF-8 support for inputenc
   defining Unicode char U+00A7 (decimal 167)
   defining Unicode char U+00B6 (decimal 182)
   defining Unicode char U+00B7 (decimal 183)
   defining Unicode char U+2020 (decimal 8224)
   defining Unicode char U+2021 (decimal 8225)
   defining Unicode char U+2022 (decimal 8226)
)
Now handling font encoding OMX ...
... no UTF-8 mapping file for font encoding OMX
Now handling font encoding U ...
... no UTF-8 mapping file for font encoding U
   defining Unicode char U+00A9 (decimal 169)
   defining Unicode char U+00AA (decimal 170)
   defining Unicode char U+00AE (decimal 174)
   defining Unicode char U+00BA (decimal 186)
   defining Unicode char U+02C6 (decimal 710)
   defining Unicode char U+02DC (decimal 732)
   defining Unicode char U+200C (decimal 8204)
   defining Unicode char U+2026 (decimal 8230)
   defining Unicode char U+2122 (decimal 8482)
   defining Unicode char U+2423 (decimal 9251)
))
Document Class: dcc-nce 2005/01/14 v4.3.1 Formatacao de documentos para o DCC/N
CE/UFRJ
(/usr/share/texlive/texmf-dist/tex/latex/base/report.cls
Document Class: report 2014/09/29 v1.4h Standard LaTeX document class
(/usr/share/texlive/texmf-dist/tex/latex/base/size12.clo
File: size12.clo 2014/09/29 v1.4h Standard LaTeX file (size option)
)
\c@part=\count79
\c@chapter=\count80
\c@section=\count81
\c@subsection=\count82
\c@subsubsection=\count83
\c@paragraph=\count84
\c@subparagraph=\count85
\c@figure=\count86
\c@table=\count87
\abovecaptionskip=\skip41
\belowcaptionskip=\skip42
\bibindent=\dimen102
)
(/usr/share/texlive/texmf-dist/tex/generic/babel/babel.sty
Package: babel 2018/02/14 3.18 The Babel package

(/usr/share/texlive/texmf-dist/tex/generic/babel/switch.def
File: switch.def 2018/02/14 3.18 Babel switching mechanism
)
(/usr/share/texlive/texmf-dist/tex/generic/babel-english/english.ldf
Language: english 2017/06/06 v3.3r English support from the babel system

(/usr/share/texlive/texmf-dist/tex/generic/babel/babel.def
File: babel.def 2018/02/14 3.18 Babel common definitions
\babel@savecnt=\count88
\U@D=\dimen103

(/usr/share/texlive/texmf-dist/tex/generic/babel/txtbabel.def)
\bbl@dirlevel=\count89
)
\l@canadian = a dialect from \language\l@american 
\l@australian = a dialect from \language\l@british 
\l@newzealand = a dialect from \language\l@british 
)
(/usr/share/texlive/texmf-dist/tex/generic/babel-portuges/portuges.ldf
Language: portuges 2008/03/18 v1.2q Portuguese support from the babel system
\l@brazilian = a dialect from \language\l@portuges 
Package babel Info: Making " an active character on input line 145.
))
(./brazilian.babel) (./english.babel)
(/usr/share/texlive/texmf-dist/tex/latex/lastpage/lastpage.sty
Package: lastpage 2015/03/29 v1.2m Refers to last page's name (HMM; JPG)
)
(/usr/share/texlive/texmf-dist/tex/latex/tools/indentfirst.sty
Package: indentfirst 1995/11/23 v1.03 Indent first paragraph (DPC)
) (./iidefs.sty
Package: iidefs 

(/usr/share/texlive/texmf-dist/tex/latex/graphics/graphicx.sty
Package: graphicx 2017/06/01 v1.1a Enhanced LaTeX Graphics (DPC,SPQR)

(/usr/share/texlive/texmf-dist/tex/latex/graphics/keyval.sty
Package: keyval 2014/10/28 v1.15 key=value parser (DPC)
\KV@toks@=\toks16
)
(/usr/share/texlive/texmf-dist/tex/latex/graphics/graphics.sty
Package: graphics 2017/06/25 v1.2c Standard LaTeX Graphics (DPC,SPQR)

(/usr/share/texlive/texmf-dist/tex/latex/graphics/trig.sty
Package: trig 2016/01/03 v1.10 sin cos tan (DPC)
)
(/usr/share/texlive/texmf-dist/tex/latex/graphics-cfg/graphics.cfg
File: graphics.cfg 2016/06/04 v1.11 sample graphics configuration
)
Package graphics Info: Driver file: pdftex.def on input line 99.

(/usr/share/texlive/texmf-dist/tex/latex/graphics-def/pdftex.def
File: pdftex.def 2018/01/08 v1.0l Graphics/color driver for pdftex
))
\Gin@req@height=\dimen104
\Gin@req@width=\dimen105
))
\ii@topmargin=\skip43
\ii@pagenummargin=\skip44
\ii@bottommargin=\skip45
\ii@sidemargin=\skip46
\c@ii@authorcount=\count90
\c@kwcounter=\count91
\titlepagewinwidth=\skip47
\titlepagewinheight=\skip48
\titlepagewinvoffset=\skip49
\ii@chapnumindent=\skip50
)
(./diss.def
File: diss.def 2003/02/03 Dissertacao de Mestrado
) (/usr/share/texlive/texmf-dist/tex/latex/multirow/multirow.sty
Package: multirow 2016/11/25 v2.2 Span multiple rows of a table
\multirow@colwidth=\skip51
\multirow@cntb=\count92
\multirow@dima=\skip52
\bigstrutjot=\dimen106
)
(/usr/share/texlive/texmf-dist/tex/latex/hyperref/hyperref.sty
Package: hyperref 2018/02/06 v6.86b Hypertext links for LaTeX

(/usr/share/texlive/texmf-dist/tex/generic/oberdiek/hobsub-hyperref.sty
Package: hobsub-hyperref 2016/05/16 v1.14 Bundle oberdiek, subset hyperref (HO)


(/usr/share/texlive/texmf-dist/tex/generic/oberdiek/hobsub-generic.sty
Package: hobsub-generic 2016/05/16 v1.14 Bundle oberdiek, subset generic (HO)
Package: hobsub 2016/05/16 v1.14 Construct package bundles (HO)
Package: infwarerr 2016/05/16 v1.4 Providing info/warning/error messages (HO)
Package: ltxcmds 2016/05/16 v1.23 LaTeX kernel commands for general use (HO)
Package: ifluatex 2016/05/16 v1.4 Provides the ifluatex switch (HO)
Package ifluatex Info: LuaTeX not detected.
Package: ifvtex 2016/05/16 v1.6 Detect VTeX and its facilities (HO)
Package ifvtex Info: VTeX not detected.
Package: intcalc 2016/05/16 v1.2 Expandable calculations with integers (HO)
Package: ifpdf 2017/03/15 v3.2 Provides the ifpdf switch
Package: etexcmds 2016/05/16 v1.6 Avoid name clashes with e-TeX commands (HO)
Package etexcmds Info: Could not find \expanded.
(etexcmds)             That can mean that you are not using pdfTeX 1.50 or
(etexcmds)             that some package has redefined \expanded.
(etexcmds)             In the latter case, load this package earlier.
Package: kvsetkeys 2016/05/16 v1.17 Key value parser (HO)
Package: kvdefinekeys 2016/05/16 v1.4 Define keys (HO)
Package: pdftexcmds 2018/01/21 v0.26 Utility functions of pdfTeX for LuaTeX (HO
)
Package pdftexcmds Info: LuaTeX not detected.
Package pdftexcmds Info: \pdf@primitive is available.
Package pdftexcmds Info: \pdf@ifprimitive is available.
Package pdftexcmds Info: \pdfdraftmode found.
Package: pdfescape 2016/05/16 v1.14 Implements pdfTeX's escape features (HO)
Package: bigintcalc 2016/05/16 v1.4 Expandable calculations on big integers (HO
)
Package: bitset 2016/05/16 v1.2 Handle bit-vector datatype (HO)
Package: uniquecounter 2016/05/16 v1.3 Provide unlimited unique counter (HO)
)
Package hobsub Info: Skipping package `hobsub' (already loaded).
Package: letltxmacro 2016/05/16 v1.5 Let assignment for LaTeX macros (HO)
Package: hopatch 2016/05/16 v1.3 Wrapper for package hooks (HO)
Package: xcolor-patch 2016/05/16 xcolor patch
Package: atveryend 2016/05/16 v1.9 Hooks at the very end of document (HO)
Package atveryend Info: \enddocument detected (standard20110627).
Package: atbegshi 2016/06/09 v1.18 At begin shipout hook (HO)
Package: refcount 2016/05/16 v3.5 Data extraction from label references (HO)
Package: hycolor 2016/05/16 v1.8 Color options for hyperref/bookmark (HO)
)
(/usr/share/texlive/texmf-dist/tex/generic/ifxetex/ifxetex.sty
Package: ifxetex 2010/09/12 v0.6 Provides ifxetex conditional
)
(/usr/share/texlive/texmf-dist/tex/latex/oberdiek/auxhook.sty
Package: auxhook 2016/05/16 v1.4 Hooks for auxiliary files (HO)
)
(/usr/share/texlive/texmf-dist/tex/latex/oberdiek/kvoptions.sty
Package: kvoptions 2016/05/16 v3.12 Key value format for package options (HO)
)
\@linkdim=\dimen107
\Hy@linkcounter=\count93
\Hy@pagecounter=\count94

(/usr/share/texlive/texmf-dist/tex/latex/hyperref/pd1enc.def
File: pd1enc.def 2018/02/06 v6.86b Hyperref: PDFDocEncoding definition (HO)
Now handling font encoding PD1 ...
... no UTF-8 mapping file for font encoding PD1
)
\Hy@SavedSpaceFactor=\count95

(/usr/share/texlive/texmf-dist/tex/latex/latexconfig/hyperref.cfg
File: hyperref.cfg 2002/06/06 v1.2 hyperref configuration of TeXLive
)
Package hyperref Info: Hyper figures OFF on input line 4509.
Package hyperref Info: Link nesting OFF on input line 4514.
Package hyperref Info: Hyper index ON on input line 4517.
Package hyperref Info: Plain pages OFF on input line 4524.
Package hyperref Info: Backreferencing OFF on input line 4529.
Package hyperref Info: Implicit mode ON; LaTeX internals redefined.
Package hyperref Info: Bookmarks ON on input line 4762.
\c@Hy@tempcnt=\count96

(/usr/share/texlive/texmf-dist/tex/latex/url/url.sty
\Urlmuskip=\muskip10
Package: url 2013/09/16  ver 3.4  Verb mode for urls, etc.
)
LaTeX Info: Redefining \url on input line 5115.
\XeTeXLinkMargin=\dimen108
\Fld@menulength=\count97
\Field@Width=\dimen109
\Fld@charsize=\dimen110
Package hyperref Info: Hyper figures OFF on input line 6369.
Package hyperref Info: Link nesting OFF on input line 6374.
Package hyperref Info: Hyper index ON on input line 6377.
Package hyperref Info: backreferencing OFF on input line 6384.
Package hyperref Info: Link coloring OFF on input line 6389.
Package hyperref Info: Link coloring with OCG OFF on input line 6394.
Package hyperref Info: PDF/A mode OFF on input line 6399.
LaTeX Info: Redefining \ref on input line 6439.
LaTeX Info: Redefining \pageref on input line 6443.
\Hy@abspage=\count98
\c@Item=\count99
\c@Hfootnote=\count100
)
Package hyperref Info: Driver (autodetected): hpdftex.

(/usr/share/texlive/texmf-dist/tex/latex/hyperref/hpdftex.def
File: hpdftex.def 2018/02/06 v6.86b Hyperref driver for pdfTeX
\Fld@listcount=\count101
\c@bookmark@seq@number=\count102

(/usr/share/texlive/texmf-dist/tex/latex/oberdiek/rerunfilecheck.sty
Package: rerunfilecheck 2016/05/16 v1.8 Rerun checks for auxiliary files (HO)
Package uniquecounter Info: New unique counter `rerunfilecheck' on input line 2
82.
)
\Hy@SectionHShift=\skip53
)
(/usr/share/texlive/texmf-dist/tex/latex/graphics/color.sty
Package: color 2016/07/10 v1.1e Standard LaTeX Color (DPC)

(/usr/share/texlive/texmf-dist/tex/latex/graphics-cfg/color.cfg
File: color.cfg 2016/01/02 v1.6 sample color configuration
)
Package color Info: Driver file: pdftex.def on input line 147.
)
(/usr/share/texlive/texmf-dist/tex/latex/graphics/epsfig.sty
Package: epsfig 2017/06/25 v1.7b (e)psfig emulation (SPQR)
\epsfxsize=\dimen111
\epsfysize=\dimen112
)
(/usr/share/texlive/texmf-dist/tex/latex/amscls/amsthm.sty
Package: amsthm 2017/10/31 v2.20.4
\thm@style=\toks17
\thm@bodyfont=\toks18
\thm@headfont=\toks19
\thm@notefont=\toks20
\thm@headpunct=\toks21
\thm@preskip=\skip54
\thm@postskip=\skip55
\thm@headsep=\skip56
\dth@everypar=\toks22
)
(/usr/share/texlive/texmf-dist/tex/latex/amsfonts/amssymb.sty
Package: amssymb 2013/01/14 v3.01 AMS font symbols

(/usr/share/texlive/texmf-dist/tex/latex/amsfonts/amsfonts.sty
Package: amsfonts 2013/01/14 v3.01 Basic AMSFonts support
\@emptytoks=\toks23
\symAMSa=\mathgroup4
\symAMSb=\mathgroup5
LaTeX Font Info:    Overwriting math alphabet `\mathfrak' in version `bold'
(Font)                  U/euf/m/n --> U/euf/b/n on input line 106.
))
(/usr/share/texlive/texmf-dist/tex/latex/amsmath/amsmath.sty
Package: amsmath 2017/09/02 v2.17a AMS math features
\@mathmargin=\skip57

For additional information on amsmath, use the `?' option.
(/usr/share/texlive/texmf-dist/tex/latex/amsmath/amstext.sty
Package: amstext 2000/06/29 v2.01 AMS text

(/usr/share/texlive/texmf-dist/tex/latex/amsmath/amsgen.sty
File: amsgen.sty 1999/11/30 v2.0 generic functions
\@emptytoks=\toks24
\ex@=\dimen113
))
(/usr/share/texlive/texmf-dist/tex/latex/amsmath/amsbsy.sty
Package: amsbsy 1999/11/29 v1.2d Bold Symbols
\pmbraise@=\dimen114
)
(/usr/share/texlive/texmf-dist/tex/latex/amsmath/amsopn.sty
Package: amsopn 2016/03/08 v2.02 operator names
)
\inf@bad=\count103
LaTeX Info: Redefining \frac on input line 213.
\uproot@=\count104
\leftroot@=\count105
LaTeX Info: Redefining \overline on input line 375.
\classnum@=\count106
\DOTSCASE@=\count107
LaTeX Info: Redefining \ldots on input line 472.
LaTeX Info: Redefining \dots on input line 475.
LaTeX Info: Redefining \cdots on input line 596.
\Mathstrutbox@=\box26
\strutbox@=\box27
\big@size=\dimen115
LaTeX Font Info:    Redeclaring font encoding OML on input line 712.
LaTeX Font Info:    Redeclaring font encoding OMS on input line 713.
\macc@depth=\count108
\c@MaxMatrixCols=\count109
\dotsspace@=\muskip11
\c@parentequation=\count110
\dspbrk@lvl=\count111
\tag@help=\toks25
\row@=\count112
\column@=\count113
\maxfields@=\count114
\andhelp@=\toks26
\eqnshift@=\dimen116
\alignsep@=\dimen117
\tagshift@=\dimen118
\tagwidth@=\dimen119
\totwidth@=\dimen120
\lineht@=\dimen121
\@envbody=\toks27
\multlinegap=\skip58
\multlinetaggap=\skip59
\mathdisplay@stack=\toks28
LaTeX Info: Redefining \[ on input line 2817.
LaTeX Info: Redefining \] on input line 2818.
)
(/usr/share/texlive/texmf-dist/tex/latex/amsmath/amscd.sty
Package: amscd 2017/04/14 v2.1 AMS Commutative Diagrams
\athelp@=\toks29
\minaw@=\dimen122
\bigaw@=\dimen123
\minCDarrowwidth=\dimen124
)
(/usr/share/texlive/texmf-dist/tex/latex/float/float.sty
Package: float 2001/11/08 v1.3d Float enhancements (AL)
\c@float@type=\count115
\float@exts=\toks30
\float@box=\box28
\@float@everytoks=\toks31
\@floatcapt=\box29
)
(/usr/share/texlive/texmf-dist/tex/latex/algorithmicx/algpseudocode.sty
Package: algpseudocode 

(/usr/share/texlive/texmf-dist/tex/latex/base/ifthen.sty
Package: ifthen 2014/09/29 v1.1c Standard LaTeX ifthen package (DPC)
)
(/usr/share/texlive/texmf-dist/tex/latex/algorithmicx/algorithmicx.sty
Package: algorithmicx 2005/04/27 v1.2 Algorithmicx

Document Style algorithmicx 1.2 - a greatly improved `algorithmic' style
\c@ALG@line=\count116
\c@ALG@rem=\count117
\c@ALG@nested=\count118
\ALG@tlm=\skip60
\ALG@thistlm=\skip61
\c@ALG@Lnr=\count119
\c@ALG@blocknr=\count120
\c@ALG@storecount=\count121
\c@ALG@tmpcounter=\count122
\ALG@tmplength=\skip62
)
Document Style - pseudocode environments for use with the `algorithmicx' style
) (/usr/share/texlive/texmf-dist/tex/latex/subfig/subfig.sty
Package: subfig 2005/06/28 ver: 1.3 subfig package

(/usr/share/texlive/texmf-dist/tex/latex/caption/caption.sty
Package: caption 2016/02/21 v3.3-144 Customizing captions (AR)

(/usr/share/texlive/texmf-dist/tex/latex/caption/caption3.sty
Package: caption3 2016/05/22 v1.7-166 caption3 kernel (AR)
Package caption3 Info: TeX engine: e-TeX on input line 67.
\captionmargin=\dimen125
\captionmargin@=\dimen126
\captionwidth=\dimen127
\caption@tempdima=\dimen128
\caption@indent=\dimen129
\caption@parindent=\dimen130
\caption@hangindent=\dimen131
)
\c@ContinuedFloat=\count123
Package caption Info: float package is loaded.
Package caption Info: hyperref package is loaded.
)
\c@KVtest=\count124
\sf@farskip=\skip63
\sf@captopadj=\dimen132
\sf@capskip=\skip64
\sf@nearskip=\skip65
\c@subfigure=\count125
\c@subfigure@save=\count126
\c@lofdepth=\count127
\c@subtable=\count128
\c@subtable@save=\count129
\c@lotdepth=\count130
\sf@top=\skip66
\sf@bottom=\skip67
)
(/usr/share/texlive/texmf-dist/tex/latex/listings/listings.sty
\lst@mode=\count131
\lst@gtempboxa=\box30
\lst@token=\toks32
\lst@length=\count132
\lst@currlwidth=\dimen133
\lst@column=\count133
\lst@pos=\count134
\lst@lostspace=\dimen134
\lst@width=\dimen135
\lst@newlines=\count135
\lst@lineno=\count136
\lst@maxwidth=\dimen136

(/usr/share/texlive/texmf-dist/tex/latex/listings/lstmisc.sty
File: lstmisc.sty 2015/06/04 1.6 (Carsten Heinz)
\c@lstnumber=\count137
\lst@skipnumbers=\count138
\lst@framebox=\box31
)
(/usr/share/texlive/texmf-dist/tex/latex/listings/listings.cfg
File: listings.cfg 2015/06/04 1.6 listings configuration
))
Package: listings 2015/06/04 1.6 (Carsten Heinz)

(/usr/share/texlive/texmf-dist/tex/latex/tools/bm.sty
Package: bm 2017/01/16 v1.2c Bold Symbol Support (DPC/FMi)
\symboldoperators=\mathgroup6
\symboldletters=\mathgroup7
\symboldsymbols=\mathgroup8
LaTeX Font Info:    Redeclaring math alphabet \mathbf on input line 141.
LaTeX Info: Redefining \bm on input line 207.
)
(/usr/share/texlive/texmf-dist/tex/latex/csquotes/csquotes.sty
Package: csquotes 2018/02/11 v5.2c context-sensitive quotations (JAW)

(/usr/share/texlive/texmf-dist/tex/latex/etoolbox/etoolbox.sty
Package: etoolbox 2018/02/11 v2.5e e-TeX tools for LaTeX (JAW)
\etb@tempcnta=\count139
)
\csq@reset=\count140
\csq@gtype=\count141
\csq@glevel=\count142
\csq@qlevel=\count143
\csq@maxlvl=\count144
\csq@tshold=\count145
\csq@ltx@everypar=\toks33

(/usr/share/texlive/texmf-dist/tex/latex/csquotes/csquotes.def
File: csquotes.def 2018/02/11 v5.2c csquotes generic definitions (JAW)
)
Package csquotes Info: Trying to load configuration file 'csquotes.cfg'...
Package csquotes Info: ... configuration file loaded successfully.

(/usr/share/texlive/texmf-dist/tex/latex/csquotes/csquotes.cfg
File: csquotes.cfg 
))
\@float@every@Algorithm=\toks34
\c@Algorithm=\count146

(/usr/share/texlive/texmf-dist/tex/latex/ms/everyshi.sty
Package: everyshi 2001/05/15 v3.00 EveryShipout Package (MS)
)
\c@mypage=\count147
Package csquotes Info: Checking for multilingual support...
Package csquotes Info: ... found 'babel' package.
Package csquotes Info: Adjusting default style.
Package csquotes Info: Redefining alias 'default' -> 'brazilian'.
 (./main.aux

LaTeX Warning: Label `vbalgorithm' multiply defined.


LaTeX Warning: Label `bvbmcpackexample' multiply defined.


LaTeX Warning: Label `fig11a' multiply defined.


LaTeX Warning: Label `sub@fig11a' multiply defined.


LaTeX Warning: Label `fig11b' multiply defined.


LaTeX Warning: Label `sub@fig11b' multiply defined.


LaTeX Warning: Label `fig11a' multiply defined.


LaTeX Warning: Label `sub@fig11a' multiply defined.


LaTeX Warning: Label `fig11b' multiply defined.


LaTeX Warning: Label `sub@fig11b' multiply defined.


LaTeX Warning: Label `fig11a' multiply defined.


LaTeX Warning: Label `sub@fig11a' multiply defined.


LaTeX Warning: Label `fig11b' multiply defined.


LaTeX Warning: Label `sub@fig11b' multiply defined.


LaTeX Warning: Label `fig11a' multiply defined.


LaTeX Warning: Label `sub@fig11a' multiply defined.


LaTeX Warning: Label `fig11b' multiply defined.


LaTeX Warning: Label `sub@fig11b' multiply defined.


LaTeX Warning: Label `fig11a' multiply defined.


LaTeX Warning: Label `sub@fig11a' multiply defined.


LaTeX Warning: Label `fig11b' multiply defined.


LaTeX Warning: Label `sub@fig11b' multiply defined.


LaTeX Warning: Label `fig11b' multiply defined.


LaTeX Warning: Label `sub@fig11b' multiply defined.


LaTeX Warning: Label `fig11a' multiply defined.


LaTeX Warning: Label `sub@fig11a' multiply defined.


LaTeX Warning: Label `fig11b' multiply defined.


LaTeX Warning: Label `sub@fig11b' multiply defined.


LaTeX Warning: Label `fig11b' multiply defined.


LaTeX Warning: Label `sub@fig11b' multiply defined.


LaTeX Warning: Label `fig11a' multiply defined.


LaTeX Warning: Label `sub@fig11a' multiply defined.


LaTeX Warning: Label `fig11b' multiply defined.


LaTeX Warning: Label `sub@fig11b' multiply defined.


LaTeX Warning: Label `fig11b' multiply defined.


LaTeX Warning: Label `sub@fig11b' multiply defined.


LaTeX Warning: Label `fig11a' multiply defined.


LaTeX Warning: Label `sub@fig11a' multiply defined.


LaTeX Warning: Label `fig11b' multiply defined.


LaTeX Warning: Label `sub@fig11b' multiply defined.


LaTeX Warning: Label `fig11b' multiply defined.


LaTeX Warning: Label `sub@fig11b' multiply defined.


LaTeX Warning: Label `fig11a' multiply defined.


LaTeX Warning: Label `sub@fig11a' multiply defined.


LaTeX Warning: Label `fig11b' multiply defined.


LaTeX Warning: Label `sub@fig11b' multiply defined.


LaTeX Warning: Label `fig11b' multiply defined.


LaTeX Warning: Label `sub@fig11b' multiply defined.


LaTeX Warning: Label `fig11a' multiply defined.


LaTeX Warning: Label `sub@fig11a' multiply defined.


LaTeX Warning: Label `fig11b' multiply defined.


LaTeX Warning: Label `sub@fig11b' multiply defined.


LaTeX Warning: Label `fig11b' multiply defined.


LaTeX Warning: Label `sub@fig11b' multiply defined.


LaTeX Warning: Label `fig11a' multiply defined.


LaTeX Warning: Label `sub@fig11a' multiply defined.


LaTeX Warning: Label `fig11b' multiply defined.


LaTeX Warning: Label `sub@fig11b' multiply defined.


LaTeX Warning: Label `fig11b' multiply defined.


LaTeX Warning: Label `sub@fig11b' multiply defined.


LaTeX Warning: Label `fig11a' multiply defined.


LaTeX Warning: Label `sub@fig11a' multiply defined.


LaTeX Warning: Label `fig11b' multiply defined.


LaTeX Warning: Label `sub@fig11b' multiply defined.


LaTeX Warning: Label `fig11a' multiply defined.


LaTeX Warning: Label `sub@fig11a' multiply defined.


LaTeX Warning: Label `fig11b' multiply defined.


LaTeX Warning: Label `sub@fig11b' multiply defined.


LaTeX Warning: Label `fig11a' multiply defined.


LaTeX Warning: Label `sub@fig11a' multiply defined.


LaTeX Warning: Label `fig11b' multiply defined.


LaTeX Warning: Label `sub@fig11b' multiply defined.

)
\openout1 = `main.aux'.

LaTeX Font Info:    Checking defaults for OML/cmm/m/it on input line 71.
LaTeX Font Info:    ... okay on input line 71.
LaTeX Font Info:    Checking defaults for T1/cmr/m/n on input line 71.
LaTeX Font Info:    ... okay on input line 71.
LaTeX Font Info:    Checking defaults for OT1/cmr/m/n on input line 71.
LaTeX Font Info:    ... okay on input line 71.
LaTeX Font Info:    Checking defaults for OMS/cmsy/m/n on input line 71.
LaTeX Font Info:    ... okay on input line 71.
LaTeX Font Info:    Checking defaults for OMX/cmex/m/n on input line 71.
LaTeX Font Info:    ... okay on input line 71.
LaTeX Font Info:    Checking defaults for U/cmr/m/n on input line 71.
LaTeX Font Info:    ... okay on input line 71.
LaTeX Font Info:    Checking defaults for PD1/pdf/m/n on input line 71.
LaTeX Font Info:    ... okay on input line 71.
Package lastpage Info: Please have a look at the pageslts package at
(lastpage)             https://www.ctan.org/pkg/pageslts
(lastpage)             ! on input line 71.
 (/usr/share/texlive/texmf-dist/tex/context/base/mkii/supp-pdf.mkii
[Loading MPS to PDF converter (version 2006.09.02).]
\scratchcounter=\count148
\scratchdimen=\dimen137
\scratchbox=\box32
\nofMPsegments=\count149
\nofMParguments=\count150
\everyMPshowfont=\toks35
\MPscratchCnt=\count151
\MPscratchDim=\dimen138
\MPnumerator=\count152
\makeMPintoPDFobject=\count153
\everyMPtoPDFconversion=\toks36
) (/usr/share/texlive/texmf-dist/tex/latex/oberdiek/epstopdf-base.sty
Package: epstopdf-base 2016/05/15 v2.6 Base part for package epstopdf

(/usr/share/texlive/texmf-dist/tex/latex/oberdiek/grfext.sty
Package: grfext 2016/05/16 v1.2 Manage graphics extensions (HO)
)
Package epstopdf-base Info: Redefining graphics rule for `.eps' on input line 4
38.
Package grfext Info: Graphics extension search list:
(grfext)             [.pdf,.png,.jpg,.mps,.jpeg,.jbig2,.jb2,.PDF,.PNG,.JPG,.JPE
G,.JBIG2,.JB2,.eps]
(grfext)             \AppendGraphicsExtensions on input line 456.

(/usr/share/texlive/texmf-dist/tex/latex/latexconfig/epstopdf-sys.cfg
File: epstopdf-sys.cfg 2010/07/13 v1.3 Configuration of (r)epstopdf for TeX Liv
e
))
\AtBeginShipoutBox=\box33
Package hyperref Info: Link coloring OFF on input line 71.

(/usr/share/texlive/texmf-dist/tex/latex/hyperref/nameref.sty
Package: nameref 2016/05/21 v2.44 Cross-referencing by name of section

(/usr/share/texlive/texmf-dist/tex/generic/oberdiek/gettitlestring.sty
Package: gettitlestring 2016/05/16 v1.5 Cleanup title references (HO)
)
\c@section@level=\count154
)
LaTeX Info: Redefining \ref on input line 71.
LaTeX Info: Redefining \pageref on input line 71.
LaTeX Info: Redefining \nameref on input line 71.

(./main.out) (./main.out)
\@outlinefile=\write3
\openout3 = `main.out'.

Package caption Info: Begin \AtBeginDocument code.
Package caption Info: subfig package v1.3 is loaded.
Package caption Info: listings package is loaded.
Package caption Info: End \AtBeginDocument code.
\c@lstlisting=\count155
 ABD: EveryShipout initializing macros
(/usr/share/texlive/texmf-dist/tex/latex/listings/lstlang1.sty
File: lstlang1.sty 2015/06/04 1.6 listings language file
)
\c@Theorem=\count156
 (./cap0.tex
[1

{/var/lib/texmf/fonts/map/pdftex/updmap/pdftex.map}]
Overfull \hbox (21.81096pt too wide) in paragraph at lines 86--90
[]\OT1/cmr/m/n/12 Disserta^^Xc~ao de Mestrado ap-re-sen-tada ao Pro-grama de P^
^Sos-gradua^^Xc~ao em Matem^^Satica,
 []

[1]
Overfull \hbox (21.81096pt too wide) in paragraph at lines 152--156
[]\OT1/cmr/m/n/12 Disserta^^Xc~ao de Mestrado ap-re-sen-tada ao Pro-grama de P^
^Sos-gradua^^Xc~ao em Matem^^Satica,
 []


Underfull \hbox (badness 10000) in paragraph at lines 157--160

 []


Underfull \hbox (badness 10000) in paragraph at lines 157--160

 []


Underfull \hbox (badness 10000) in paragraph at lines 161--164

 []


Underfull \hbox (badness 10000) in paragraph at lines 161--164

 []


Underfull \hbox (badness 10000) in paragraph at lines 165--168

 []


Underfull \hbox (badness 10000) in paragraph at lines 165--168

 []


Underfull \hbox (badness 10000) in paragraph at lines 169--172

 []


Underfull \hbox (badness 10000) in paragraph at lines 169--172

 []


Underfull \hbox (badness 10000) in paragraph at lines 173--176

 []


Underfull \hbox (badness 10000) in paragraph at lines 173--176

 []


Underfull \hbox (badness 10000) in paragraph at lines 177--180

 []


Underfull \hbox (badness 10000) in paragraph at lines 177--180

 []


Underfull \hbox (badness 10000) in paragraph at lines 181--184

 []


Underfull \hbox (badness 10000) in paragraph at lines 181--184

 []

[2] [3]
LaTeX Font Info:    Try loading font information for U+msa on input line 200.
 (/usr/share/texlive/texmf-dist/tex/latex/amsfonts/umsa.fd
File: umsa.fd 2013/01/14 v3.01 AMS symbols A
)
LaTeX Font Info:    Try loading font information for U+msb on input line 200.

(/usr/share/texlive/texmf-dist/tex/latex/amsfonts/umsb.fd
File: umsb.fd 2013/01/14 v3.01 AMS symbols B
) [4] [5] [6]
Overfull \hbox (2.43068pt too wide) in paragraph at lines 272--273
\OT1/cmr/m/n/10.95 que en-volvem in-fer^encia Bayesiana. Muitas das t^^Secnicas
 Bayesianas
 []


Underfull \hbox (badness 10000) in paragraph at lines 294--295

 []

[7]
Underfull \hbox (badness 10000) in paragraph at lines 345--346

 []

) [8]

LaTeX Font Warning: Font shape `OT1/cmr/m/n' in size <16> not available
(Font)              size <17.28> substituted on input line 117.


LaTeX Font Warning: Font shape `OT1/cmss/m/n' in size <16> not available
(Font)              size <17.28> substituted on input line 117.


LaTeX Font Warning: Font shape `OT1/cmss/bx/n' in size <16> not available
(Font)              size <17.28> substituted on input line 117.

(./main.lof)
\tf@lof=\write4
\openout4 = `main.lof'.

 [9

] (./main.lot)
\tf@lot=\write5
\openout5 = `main.lot'.

 [10

] (./main.toc
Underfull \hbox (badness 10000) in paragraph at lines 4--4
 []  
 []


Underfull \hbox (badness 10000) in paragraph at lines 5--5
 []  
 []


Underfull \hbox (badness 10000) in paragraph at lines 19--19
 []  
 []


Underfull \hbox (badness 10000) in paragraph at lines 33--33
 []  
 []

[11

]
Underfull \hbox (badness 10000) in paragraph at lines 44--44
 []  
 []


Underfull \hbox (badness 10000) in paragraph at lines 59--59
 []  
 []


Underfull \hbox (badness 10000) in paragraph at lines 72--72
 []  
 []


Underfull \hbox (badness 10000) in paragraph at lines 81--81
 []  
 []


Underfull \hbox (badness 10000) in paragraph at lines 86--86
 []  
 []


Underfull \hbox (badness 10000) in paragraph at lines 88--88
 []  
 []

[12]
Underfull \hbox (badness 10000) in paragraph at lines 97--97
 []  
 []


Underfull \hbox (badness 10000) in paragraph at lines 101--101
 []  
 []


Underfull \hbox (badness 10000) in paragraph at lines 102--102
 []  
 []


Overfull \hbox (30.41354pt too wide) in paragraph at lines 102--102
 [][] [][]\OT1/cmss/bx/n/12 SPECTRAL MIX-TURE KER-NELS AND BAYESIAN MONTE 
 []


Underfull \hbox (badness 10000) in paragraph at lines 103--103
 []  
 []


Underfull \hbox (badness 10000) in paragraph at lines 106--106
 []  
 []

)
\tf@toc=\write6
\openout6 = `main.toc'.

 (./chapters/introducao.tex [13]
Underfull \vbox (badness 10000) has occurred while \output is active []

pdfTeX warning (ext4): destination with the same identifier (name{page.1}) has 
been already used, duplicate ignored
<to be read again> 
                   \relax 
l.14 
      [1

]) (./chapters/capituloA.tex
Underfull \hbox (badness 10000) has occurred while \output is active
\OT1/cmr/m/n/10.95 2
 []

[2]
Underfull \vbox (badness 10000) has occurred while \output is active []

 [3

]
Underfull \hbox (badness 10000) has occurred while \output is active
\OT1/cmr/m/n/10.95 4
 []

[4]
LaTeX Font Info:    Try loading font information for OMS+cmr on input line 53.
 (/usr/share/texlive/texmf-dist/tex/latex/base/omscmr.fd
File: omscmr.fd 2014/09/29 v2.5h Standard LaTeX font definitions
)
LaTeX Font Info:    Font shape `OMS/cmr/m/n' in size <12> not available
(Font)              Font shape `OMS/cmsy/m/n' tried instead on input line 53.
 [5]
Underfull \hbox (badness 10000) has occurred while \output is active
\OT1/cmr/m/n/10.95 6
 []

[6]
Underfull \vbox (badness 10000) has occurred while \output is active []

 [7]
Underfull \vbox (badness 10000) has occurred while \output is active []


Underfull \hbox (badness 10000) has occurred while \output is active
\OT1/cmr/m/n/10.95 8
 []

[8]
Underfull \vbox (badness 10000) has occurred while \output is active []

 [9]
Overfull \hbox (7.901pt too wide) in paragraph at lines 144--145
[]\OT1/cmr/m/n/12 In this sec-tion, Monte Carlo meth-ods are quickly re-viewed,
 along with Laplace's
 []


Underfull \vbox (badness 4328) has occurred while \output is active []


Underfull \hbox (badness 10000) has occurred while \output is active
\OT1/cmr/m/n/10.95 10
 []

[10]
Underfull \vbox (badness 10000) has occurred while \output is active []

 [11]
Underfull \vbox (badness 10000) has occurred while \output is active []


Underfull \hbox (badness 10000) has occurred while \output is active
\OT1/cmr/m/n/10.95 12
 []

[12]

LaTeX Warning: Reference `cltconvergence' on page 13 undefined on input line 19
7.


Overfull \hbox (14.63535pt too wide) in paragraph at lines 210--212
\OT1/cmr/m/n/12 the nor-mal-iza-tion con-stant, thus it can be sub-sti-tuted fo
r $\OML/cmm/m/it/12 p\OT1/cmr/m/n/12 (\OMS/cmsy/m/n/12 Dj[]\OT1/cmr/m/n/12 )\OM
L/cmm/m/it/12 p\OT1/cmr/m/n/12 ([])\OML/cmm/m/it/12 =p\OT1/cmr/m/n/12 (\OMS/cms
y/m/n/12 Dj\OML/cmm/m/it/12 ^^R[]\OT1/cmr/m/n/12 )\OML/cmm/m/it/12 p\OT1/cmr/m/
n/12 (\OML/cmm/m/it/12 ^^R[]\OT1/cmr/m/n/12 )$,
 []

[13]
Underfull \vbox (badness 1472) has occurred while \output is active []


Underfull \hbox (badness 10000) has occurred while \output is active
\OT1/cmr/m/n/10.95 14
 []

[14]
Underfull \vbox (badness 10000) has occurred while \output is active []

 [15]
Underfull \vbox (badness 10000) has occurred while \output is active []


Underfull \hbox (badness 10000) has occurred while \output is active
\OT1/cmr/m/n/10.95 16
 []

[16]
Underfull \vbox (badness 3657) has occurred while \output is active []

 [17]
Underfull \hbox (badness 10000) has occurred while \output is active
\OT1/cmr/m/n/10.95 18
 []

[18]) (./chapters/capituloB.tex [19]
Underfull \hbox (badness 10000) has occurred while \output is active
\OT1/cmr/m/n/10.95 20
 []

[20

] [21]
<figs/gprex1a.png, id=781, 433.62pt x 289.08pt>
File: figs/gprex1a.png Graphic file (type png)
<use figs/gprex1a.png>
Package pdftex.def Info: figs/gprex1a.png  used on input line 69.
(pdftex.def)             Requested size: 192.0548pt x 128.03809pt.
<figs/gprex1b.png, id=783, 433.62pt x 289.08pt>
File: figs/gprex1b.png Graphic file (type png)
<use figs/gprex1b.png>
Package pdftex.def Info: figs/gprex1b.png  used on input line 71.
(pdftex.def)             Requested size: 192.0548pt x 128.03809pt.

Underfull \vbox (badness 10000) has occurred while \output is active []


Underfull \hbox (badness 10000) has occurred while \output is active
\OT1/cmr/m/n/10.95 22
 []

[22] [23 <./figs/gprex1a.png> <./figs/gprex1b.png>]
Underfull \hbox (badness 10000) has occurred while \output is active
\OT1/cmr/m/n/10.95 24
 []

[24] [25]
Underfull \hbox (badness 10000) has occurred while \output is active
\OT1/cmr/m/n/10.95 26
 []

[26] [27]
Overfull \hbox (14.50319pt too wide) in paragraph at lines 194--195
[]$\OML/cmm/m/it/12 k\OT1/cmr/m/n/12 ([\OML/cmm/m/it/12 x; y\OT1/cmr/m/n/12 ]\O
ML/cmm/m/it/12 ; \OT1/cmr/m/n/12 [\OML/cmm/m/it/12 x[]; y[]\OT1/cmr/m/n/12 ]) =
 \OML/cmm/m/it/12 k[]\OT1/cmr/m/n/12 (\OML/cmm/m/it/12 x; x[]\OT1/cmr/m/n/12 ) 
+ \OML/cmm/m/it/12 k[]\OT1/cmr/m/n/12 (\OML/cmm/m/it/12 y; y[]\OT1/cmr/m/n/12 )
$ is a PSD func-tion, and so is $\OML/cmm/m/it/12 k\OT1/cmr/m/n/12 ([\OML/cmm/m
/it/12 x; y\OT1/cmr/m/n/12 ]\OML/cmm/m/it/12 ; \OT1/cmr/m/n/12 [\OML/cmm/m/it/1
2 x[]; y[]\OT1/cmr/m/n/12 ]) =
 []


Underfull \vbox (badness 10000) has occurred while \output is active []


Underfull \hbox (badness 10000) has occurred while \output is active
\OT1/cmr/m/n/10.95 28
 []

[28]
Underfull \vbox (badness 10000) has occurred while \output is active []

 [29]
Underfull \vbox (badness 10000) has occurred while \output is active []


Underfull \hbox (badness 10000) has occurred while \output is active
\OT1/cmr/m/n/10.95 30
 []

[30]
Underfull \vbox (badness 10000) has occurred while \output is active []

 [31])
(./chapters/capituloC.tex
Underfull \hbox (badness 10000) has occurred while \output is active
\OT1/cmr/m/n/10.95 32
 []

[32]
Underfull \vbox (badness 10000) has occurred while \output is active []

 [33

]
<figs/exbmc.png, id=919, 433.62pt x 289.08pt>
File: figs/exbmc.png Graphic file (type png)
<use figs/exbmc.png>
Package pdftex.def Info: figs/exbmc.png  used on input line 49.
(pdftex.def)             Requested size: 298.75264pt x 199.1787pt.

Underfull \vbox (badness 10000) has occurred while \output is active []


Underfull \hbox (badness 10000) has occurred while \output is active
\OT1/cmr/m/n/10.95 34
 []

[34]
Underfull \vbox (badness 10000) has occurred while \output is active []

 [35 <./figs/exbmc.png>]
Underfull \vbox (badness 10000) has occurred while \output is active []


Underfull \hbox (badness 10000) has occurred while \output is active
\OT1/cmr/m/n/10.95 36
 []

[36]
Overfull \hbox (2.52094pt too wide) detected at line 126
[]
 []


Underfull \vbox (badness 10000) has occurred while \output is active []

 [37]
Overfull \hbox (44.28752pt too wide) in paragraph at lines 132--134
\OT1/cmr/m/n/12 and a Gaus-sian dis-tri-bu-tion $\OML/cmm/m/it/12 p\OT1/cmr/m/n
/12 (\OML/cmm/m/it/12 x\OT1/cmr/m/n/12 ) = \OMS/cmsy/m/n/12 N\OT1/cmr/m/n/12 (\
OML/cmm/m/it/12 x\OMS/cmsy/m/n/12 j\OML/cmm/m/it/12 ^^V; \OT1/cmr/m/n/12 ^^F)$ 
with di-ag-o-nal co-vari-ance $^^F = [](\OML/cmm/m/it/12 ^^[[]; [] ; ^^[[]\OT1/
cmr/m/n/12 )$,
 []


Underfull \vbox (badness 10000) has occurred while \output is active []


Underfull \hbox (badness 10000) has occurred while \output is active
\OT1/cmr/m/n/10.95 38
 []

[38]
Underfull \vbox (badness 10000) has occurred while \output is active []

 [39]
Underfull \vbox (badness 10000) has occurred while \output is active []


Underfull \hbox (badness 10000) has occurred while \output is active
\OT1/cmr/m/n/10.95 40
 []

[40]
Underfull \vbox (badness 10000) has occurred while \output is active []

 [41]
Underfull \vbox (badness 10000) has occurred while \output is active []


Underfull \hbox (badness 10000) has occurred while \output is active
\OT1/cmr/m/n/10.95 42
 []

[42]
Underfull \vbox (badness 4353) has occurred while \output is active []

 [43]
Underfull \hbox (badness 10000) has occurred while \output is active
\OT1/cmr/m/n/10.95 44
 []

[44]) (./chapters/capituloD.tex
Underfull \vbox (badness 5008) has occurred while \output is active []

 [45]
Underfull \hbox (badness 10000) has occurred while \output is active
\OT1/cmr/m/n/10.95 46
 []

[46]
Underfull \vbox (badness 10000) has occurred while \output is active []

 [47

]
Underfull \hbox (badness 10000) has occurred while \output is active
\OT1/cmr/m/n/10.95 48
 []

[48]
Underfull \vbox (badness 10000) has occurred while \output is active []

 [49]
<figs/klil3a.png, id=1141, 433.62pt x 289.08pt>
File: figs/klil3a.png Graphic file (type png)
<use figs/klil3a.png>
Package pdftex.def Info: figs/klil3a.png  used on input line 70.
(pdftex.def)             Requested size: 128.0387pt x 85.35725pt.
<figs/klil3b.png, id=1142, 433.62pt x 289.08pt>
File: figs/klil3b.png Graphic file (type png)
<use figs/klil3b.png>
Package pdftex.def Info: figs/klil3b.png  used on input line 72.
(pdftex.def)             Requested size: 128.0387pt x 85.35725pt.

Underfull \hbox (badness 2326) in paragraph at lines 75--75
[]\OT1/cmr/m/n/12 Figure 5.1: |[] Dif-fer-ence of be-hav-ior when min-i-miz-ing
 $\OML/cmm/m/it/12 D[]\OT1/cmr/m/n/12 (\OML/cmm/m/it/12 q\OMS/cmsy/m/n/12 jj\OM
L/cmm/m/it/12 g\OT1/cmr/m/n/12 )$ (a) and
 []


Underfull \hbox (badness 1924) in paragraph at lines 75--75
\OT1/cmr/m/n/12 when min-i-miz-ing $\OML/cmm/m/it/12 D[]\OT1/cmr/m/n/12 (\OML/c
mm/m/it/12 g\OMS/cmsy/m/n/12 jj\OML/cmm/m/it/12 q\OT1/cmr/m/n/12 )$ (b). Here t
he true dis-tri-bu-tion (in blue) is
 []


Underfull \hbox (badness 3009) in paragraph at lines 75--75
\OT1/cmr/m/n/12 ap-prox-i-mated by a mul-ti-vari-ate nor-mal dis-tri-bu-tion wi
th di-ag-o-nal co-vari-
 []


Underfull \hbox (badness 2253) in paragraph at lines 75--75
\OT1/cmr/m/n/12 in []$\OT1/cmtt/m/n/12 https : / / github . com / DFNaiff / Dis
sertation / blob / master / illustrations _
 []


Underfull \vbox (badness 10000) has occurred while \output is active []


Underfull \hbox (badness 10000) has occurred while \output is active
\OT1/cmr/m/n/10.95 50
 []

[50 <./figs/klil3a.png> <./figs/klil3b.png>]
Underfull \vbox (badness 10000) has occurred while \output is active []

 [51]
Underfull \vbox (badness 10000) has occurred while \output is active []


Underfull \hbox (badness 10000) has occurred while \output is active
\OT1/cmr/m/n/10.95 52
 []

[52]

LaTeX Warning: Reference `appendixreinforce' on page 53 undefined on input line
 125.


Underfull \hbox (badness 1205) in paragraph at lines 137--137
[][][]\OT1/cmr/m/n/10 The rea-son that this con-stant can be added is be-cause 
$[] \OML/cmm/m/it/10 C\OMS/cmsy/m/n/10 r[] [] \OML/cmm/m/it/10 q\OT1/cmr/m/n/10
 (\OML/cmm/m/it/10 ^^R\OT1/cmr/m/n/10 ; \OML/cmm/m/it/10 ^^U\OT1/cmr/m/n/10 )\O
ML/cmm/m/it/10 q\OT1/cmr/m/n/10 (\OML/cmm/m/it/10 ^^R\OT1/cmr/m/n/10 ; \OML/cmm
/m/it/10 ^^U\OT1/cmr/m/n/10 )\OML/cmm/m/it/10 d^^R \OT1/cmr/m/n/10 =
 []


Underfull \vbox (badness 2671) has occurred while \output is active []

 [53]
Underfull \vbox (badness 10000) has occurred while \output is active []


Underfull \hbox (badness 10000) has occurred while \output is active
\OT1/cmr/m/n/10.95 54
 []

[54]
Underfull \vbox (badness 10000) has occurred while \output is active []

 [55]
Underfull \hbox (badness 10000) has occurred while \output is active
\OT1/cmr/m/n/10.95 56
 []

[56]
Underfull \vbox (badness 10000) has occurred while \output is active []

 [57]
Underfull \vbox (badness 10000) has occurred while \output is active []


Underfull \hbox (badness 10000) has occurred while \output is active
\OT1/cmr/m/n/10.95 58
 []

[58]
Underfull \vbox (badness 10000) has occurred while \output is active []

 [59]
Underfull \vbox (badness 10000) has occurred while \output is active []


Underfull \hbox (badness 10000) has occurred while \output is active
\OT1/cmr/m/n/10.95 60
 []

[60]
Package hyperref Info: bookmark level for unknown Algorithm defaults to 0 on in
put line 349.

Underfull \vbox (badness 6412) has occurred while \output is active []

 [61]
Underfull \vbox (badness 10000) has occurred while \output is active []


Underfull \hbox (badness 10000) has occurred while \output is active
\OT1/cmr/m/n/10.95 62
 []

[62] [63]
Underfull \vbox (badness 10000) has occurred while \output is active []


Underfull \hbox (badness 10000) has occurred while \output is active
\OT1/cmr/m/n/10.95 64
 []

[64]
Underfull \vbox (badness 10000) has occurred while \output is active []

 [65]
Underfull \vbox (badness 10000) has occurred while \output is active []


Underfull \hbox (badness 10000) has occurred while \output is active
\OT1/cmr/m/n/10.95 66
 []

[66]) (./chapters/capituloE.tex [67]
Underfull \vbox (badness 10000) has occurred while \output is active []


Underfull \hbox (badness 10000) has occurred while \output is active
\OT1/cmr/m/n/10.95 68
 []

[68

]
Underfull \vbox (badness 10000) has occurred while \output is active []

 [69]
Underfull \vbox (badness 10000) has occurred while \output is active []


Underfull \hbox (badness 10000) has occurred while \output is active
\OT1/cmr/m/n/10.95 70
 []

[70]
Underfull \vbox (badness 10000) has occurred while \output is active []

 [71]
Underfull \hbox (badness 10000) has occurred while \output is active
\OT1/cmr/m/n/10.95 72
 []

[72] [73]
Underfull \vbox (badness 10000) has occurred while \output is active []


Underfull \hbox (badness 10000) has occurred while \output is active
\OT1/cmr/m/n/10.95 74
 []

[74]
Underfull \vbox (badness 10000) has occurred while \output is active []

 [75]
Underfull \vbox (badness 10000) has occurred while \output is active []


Underfull \hbox (badness 10000) has occurred while \output is active
\OT1/cmr/m/n/10.95 76
 []

[76]
Underfull \vbox (badness 10000) has occurred while \output is active []

 [77]
Underfull \hbox (badness 10000) has occurred while \output is active
\OT1/cmr/m/n/10.95 78
 []

[78]
<figs/examplebvbmctrue.png, id=1550, 425.59pt x 281.05pt>
File: figs/examplebvbmctrue.png Graphic file (type png)
<use figs/examplebvbmctrue.png>
Package pdftex.def Info: figs/examplebvbmctrue.png  used on input line 265.
(pdftex.def)             Requested size: 170.71393pt x 112.73535pt.
<figs/examplebvbmcestimated.png, id=1551, 425.59pt x 281.05pt>
File: figs/examplebvbmcestimated.png Graphic file (type png)
<use figs/examplebvbmcestimated.png>
Package pdftex.def Info: figs/examplebvbmcestimated.png  used on input line 267
.
(pdftex.def)             Requested size: 170.71393pt x 112.73535pt.
) (./chapters/capituloF.tex [79 <./figs/examplebvbmctrue.png> <./figs/examplebv
bmcestimated.png>]
Underfull \hbox (badness 10000) has occurred while \output is active
\OT1/cmr/m/n/10.95 80
 []

[80]
<figs/targetexil1a.png, id=1575, 433.62pt x 289.08pt>
File: figs/targetexil1a.png Graphic file (type png)
<use figs/targetexil1a.png>
Package pdftex.def Info: figs/targetexil1a.png  used on input line 16.
(pdftex.def)             Requested size: 298.75264pt x 199.1787pt.

Underfull \vbox (badness 10000) has occurred while \output is active []

 [81

]
Underfull \hbox (badness 10000) has occurred while \output is active
\OT1/cmr/m/n/10.95 82
 []

[82 <./figs/targetexil1a.png>]
<figs/dmcil1fk12.png, id=1591, 433.62pt x 289.08pt>
File: figs/dmcil1fk12.png Graphic file (type png)
<use figs/dmcil1fk12.png>
Package pdftex.def Info: figs/dmcil1fk12.png  used on input line 31.
(pdftex.def)             Requested size: 170.71393pt x 113.8082pt.
<figs/convgraphil1fk12.png, id=1592, 433.62pt x 289.08pt>
File: figs/convgraphil1fk12.png Graphic file (type png)
<use figs/convgraphil1fk12.png>
Package pdftex.def Info: figs/convgraphil1fk12.png  used on input line 33.
(pdftex.def)             Requested size: 170.71393pt x 113.8082pt.
<figs/dmcil1fk32.png, id=1593, 433.62pt x 289.08pt>
File: figs/dmcil1fk32.png Graphic file (type png)
<use figs/dmcil1fk32.png>
Package pdftex.def Info: figs/dmcil1fk32.png  used on input line 36.
(pdftex.def)             Requested size: 170.71393pt x 113.8082pt.
<figs/convgraphil1fk32.png, id=1594, 433.62pt x 289.08pt>
File: figs/convgraphil1fk32.png Graphic file (type png)
<use figs/convgraphil1fk32.png>
Package pdftex.def Info: figs/convgraphil1fk32.png  used on input line 38.
(pdftex.def)             Requested size: 170.71393pt x 113.8082pt.
<figs/dmcil1fk52.png, id=1595, 433.62pt x 289.08pt>
File: figs/dmcil1fk52.png Graphic file (type png)
<use figs/dmcil1fk52.png>
Package pdftex.def Info: figs/dmcil1fk52.png  used on input line 41.
(pdftex.def)             Requested size: 170.71393pt x 113.8082pt.
<figs/convgraphil1fk52.png, id=1596, 433.62pt x 289.08pt>
File: figs/convgraphil1fk52.png Graphic file (type png)
<use figs/convgraphil1fk52.png>
Package pdftex.def Info: figs/convgraphil1fk52.png  used on input line 43.
(pdftex.def)             Requested size: 170.71393pt x 113.8082pt.
<figs/dmcil1fkSQE.png, id=1597, 433.62pt x 289.08pt>
File: figs/dmcil1fkSQE.png Graphic file (type png)
<use figs/dmcil1fkSQE.png>
Package pdftex.def Info: figs/dmcil1fkSQE.png  used on input line 46.
(pdftex.def)             Requested size: 170.71393pt x 113.8082pt.
<figs/convgraphil1fkSQE.png, id=1598, 433.62pt x 289.08pt>
File: figs/convgraphil1fkSQE.png Graphic file (type png)
<use figs/convgraphil1fkSQE.png>
Package pdftex.def Info: figs/convgraphil1fkSQE.png  used on input line 48.
(pdftex.def)             Requested size: 170.71393pt x 113.8082pt.


LaTeX Warning: Float too large for page by 61.45128pt on input line 50.

[83]
Underfull \hbox (badness 10000) has occurred while \output is active
\OT1/cmr/m/n/10.95 84
 []

[84 <./figs/dmcil1fk12.png> <./figs/convgraphil1fk12.png> <./figs/dmcil1fk32.pn
g> <./figs/convgraphil1fk32.png> <./figs/dmcil1fk52.png> <./figs/convgraphil1fk
52.png> <./figs/dmcil1fkSQE.png> <./figs/convgraphil1fkSQE.png>]
<figs/dmcil1ati1.png, id=1627, 433.62pt x 289.08pt>
File: figs/dmcil1ati1.png Graphic file (type png)
<use figs/dmcil1ati1.png>
Package pdftex.def Info: figs/dmcil1ati1.png  used on input line 67.
(pdftex.def)             Requested size: 149.37958pt x 99.58714pt.
<figs/convgraphil1ati1.png, id=1628, 433.62pt x 289.08pt>
File: figs/convgraphil1ati1.png Graphic file (type png)
<use figs/convgraphil1ati1.png>
Package pdftex.def Info: figs/convgraphil1ati1.png  used on input line 69.
(pdftex.def)             Requested size: 149.37958pt x 99.58714pt.
<figs/timegraphil1ati1.png, id=1629, 433.62pt x 289.08pt>
File: figs/timegraphil1ati1.png Graphic file (type png)
<use figs/timegraphil1ati1.png>
Package pdftex.def Info: figs/timegraphil1ati1.png  used on input line 71.
(pdftex.def)             Requested size: 149.37958pt x 99.58714pt.

Overfull \hbox (21.34738pt too wide) in paragraph at lines 67--72
 [][][][][][] 
 []

<figs/dmcil1ati10.png, id=1630, 433.62pt x 289.08pt>
File: figs/dmcil1ati10.png Graphic file (type png)
<use figs/dmcil1ati10.png>
Package pdftex.def Info: figs/dmcil1ati10.png  used on input line 74.
(pdftex.def)             Requested size: 149.37958pt x 99.58714pt.
<figs/convgraphil1ati10.png, id=1631, 433.62pt x 289.08pt>
File: figs/convgraphil1ati10.png Graphic file (type png)
<use figs/convgraphil1ati10.png>
Package pdftex.def Info: figs/convgraphil1ati10.png  used on input line 76.
(pdftex.def)             Requested size: 149.37958pt x 99.58714pt.
<figs/timegraphil1ati10.png, id=1632, 433.62pt x 289.08pt>
File: figs/timegraphil1ati10.png Graphic file (type png)
<use figs/timegraphil1ati10.png>
Package pdftex.def Info: figs/timegraphil1ati10.png  used on input line 78.
(pdftex.def)             Requested size: 149.37958pt x 99.58714pt.

Overfull \hbox (21.34738pt too wide) in paragraph at lines 74--79
 [][][][][][] 
 []

<figs/dmcil1ati1000.png, id=1633, 433.62pt x 289.08pt>
File: figs/dmcil1ati1000.png Graphic file (type png)
<use figs/dmcil1ati1000.png>
Package pdftex.def Info: figs/dmcil1ati1000.png  used on input line 81.
(pdftex.def)             Requested size: 149.37958pt x 99.58714pt.
<figs/convgraphil1ati1000.png, id=1634, 433.62pt x 289.08pt>
File: figs/convgraphil1ati1000.png Graphic file (type png)
<use figs/convgraphil1ati1000.png>
Package pdftex.def Info: figs/convgraphil1ati1000.png  used on input line 83.
(pdftex.def)             Requested size: 149.37958pt x 99.58714pt.
<figs/timegraphil1ati1000.png, id=1635, 433.62pt x 289.08pt>
File: figs/timegraphil1ati1000.png Graphic file (type png)
<use figs/timegraphil1ati1000.png>
Package pdftex.def Info: figs/timegraphil1ati1000.png  used on input line 85.
(pdftex.def)             Requested size: 149.37958pt x 99.58714pt.

Overfull \hbox (21.34738pt too wide) in paragraph at lines 81--86
 [][][][][][] 
 []

<figs/dmcil1g_aq_uncertainty_sampling.png, id=1641, 433.62pt x 289.08pt>
File: figs/dmcil1g_aq_uncertainty_sampling.png Graphic file (type png)
<use figs/dmcil1g_aq_uncertainty_sampling.png>
Package pdftex.def Info: figs/dmcil1g_aq_uncertainty_sampling.png  used on inpu
t line 96.
(pdftex.def)             Requested size: 149.37958pt x 99.58714pt.
<figs/convgraphil1g_aq_uncertainty_sampling.png, id=1642, 433.62pt x 289.08pt>
File: figs/convgraphil1g_aq_uncertainty_sampling.png Graphic file (type png)
<use figs/convgraphil1g_aq_uncertainty_sampling.png>
Package pdftex.def Info: figs/convgraphil1g_aq_uncertainty_sampling.png  used o
n input line 98.
(pdftex.def)             Requested size: 149.37958pt x 99.58714pt.
<figs/explopattern1g_aq_uncertainty_sampling.png, id=1643, 433.62pt x 289.08pt>

File: figs/explopattern1g_aq_uncertainty_sampling.png Graphic file (type png)
<use figs/explopattern1g_aq_uncertainty_sampling.png>
Package pdftex.def Info: figs/explopattern1g_aq_uncertainty_sampling.png  used 
on input line 100.
(pdftex.def)             Requested size: 149.37958pt x 99.58714pt.

Overfull \hbox (21.34738pt too wide) in paragraph at lines 96--101
 [][][][][][] 
 []

<figs/dmcil1g_aq_prospective.png, id=1644, 433.62pt x 289.08pt>
File: figs/dmcil1g_aq_prospective.png Graphic file (type png)
<use figs/dmcil1g_aq_prospective.png>
Package pdftex.def Info: figs/dmcil1g_aq_prospective.png  used on input line 10
3.
(pdftex.def)             Requested size: 149.37958pt x 99.58714pt.
<figs/convgraphil1g_aq_prospective.png, id=1645, 433.62pt x 289.08pt>
File: figs/convgraphil1g_aq_prospective.png Graphic file (type png)
<use figs/convgraphil1g_aq_prospective.png>
Package pdftex.def Info: figs/convgraphil1g_aq_prospective.png  used on input l
ine 105.
(pdftex.def)             Requested size: 149.37958pt x 99.58714pt.
<figs/explopattern1g_aq_prospective.png, id=1646, 433.62pt x 289.08pt>
File: figs/explopattern1g_aq_prospective.png Graphic file (type png)
<use figs/explopattern1g_aq_prospective.png>
Package pdftex.def Info: figs/explopattern1g_aq_prospective.png  used on input 
line 107.
(pdftex.def)             Requested size: 149.37958pt x 99.58714pt.

Overfull \hbox (21.34738pt too wide) in paragraph at lines 103--108
 [][][][][][] 
 []

<figs/dmcil1g_aq_mmlt.png, id=1647, 433.62pt x 289.08pt>
File: figs/dmcil1g_aq_mmlt.png Graphic file (type png)
<use figs/dmcil1g_aq_mmlt.png>
Package pdftex.def Info: figs/dmcil1g_aq_mmlt.png  used on input line 110.
(pdftex.def)             Requested size: 149.37958pt x 99.58714pt.
<figs/convgraphil1g_aq_mmlt.png, id=1648, 433.62pt x 289.08pt>
File: figs/convgraphil1g_aq_mmlt.png Graphic file (type png)
<use figs/convgraphil1g_aq_mmlt.png>
Package pdftex.def Info: figs/convgraphil1g_aq_mmlt.png  used on input line 112
.
(pdftex.def)             Requested size: 149.37958pt x 99.58714pt.
<figs/explopattern1g_aq_mmlt.png, id=1649, 433.62pt x 289.08pt>
File: figs/explopattern1g_aq_mmlt.png Graphic file (type png)
<use figs/explopattern1g_aq_mmlt.png>
Package pdftex.def Info: figs/explopattern1g_aq_mmlt.png  used on input line 11
4.
(pdftex.def)             Requested size: 149.37958pt x 99.58714pt.

Overfull \hbox (21.34738pt too wide) in paragraph at lines 110--115
 [][][][][][] 
 []

<figs/dmcil1g_aq_mmlt_prospective.png, id=1650, 433.62pt x 289.08pt>
File: figs/dmcil1g_aq_mmlt_prospective.png Graphic file (type png)
<use figs/dmcil1g_aq_mmlt_prospective.png>
Package pdftex.def Info: figs/dmcil1g_aq_mmlt_prospective.png  used on input li
ne 117.
(pdftex.def)             Requested size: 149.37958pt x 99.58714pt.
<figs/convgraphil1g_aq_mmlt_prospective.png, id=1651, 433.62pt x 289.08pt>
File: figs/convgraphil1g_aq_mmlt_prospective.png Graphic file (type png)
<use figs/convgraphil1g_aq_mmlt_prospective.png>
Package pdftex.def Info: figs/convgraphil1g_aq_mmlt_prospective.png  used on in
put line 119.
(pdftex.def)             Requested size: 149.37958pt x 99.58714pt.
<figs/explopattern1g_aq_mmlt_prospective.png, id=1652, 433.62pt x 289.08pt>
File: figs/explopattern1g_aq_mmlt_prospective.png Graphic file (type png)
<use figs/explopattern1g_aq_mmlt_prospective.png>
Package pdftex.def Info: figs/explopattern1g_aq_mmlt_prospective.png  used on i
nput line 121.
(pdftex.def)             Requested size: 149.37958pt x 99.58714pt.

Overfull \hbox (21.34738pt too wide) in paragraph at lines 117--122
 [][][][][][] 
 []


LaTeX Warning: Float too large for page by 19.06706pt on input line 124.

[85]
Underfull \hbox (badness 10000) has occurred while \output is active
\OT1/cmr/m/n/10.95 86
 []

[86 <./figs/dmcil1ati1.png> <./figs/convgraphil1ati1.png> <./figs/timegraphil1a
ti1.png> <./figs/dmcil1ati10.png> <./figs/convgraphil1ati10.png> <./figs/timegr
aphil1ati10.png> <./figs/dmcil1ati1000.png> <./figs/convgraphil1ati1000.png> <.
/figs/timegraphil1ati1000.png>] [87 <./figs/dmcil1g_aq_uncertainty_sampling.png
> <./figs/convgraphil1g_aq_uncertainty_sampling.png> <./figs/explopattern1g_aq_
uncertainty_sampling.png> <./figs/dmcil1g_aq_prospective.png> <./figs/convgraph
il1g_aq_prospective.png> <./figs/explopattern1g_aq_prospective.png> <./figs/dmc
il1g_aq_mmlt.png> <./figs/convgraphil1g_aq_mmlt.png> <./figs/explopattern1g_aq_
mmlt.png> <./figs/dmcil1g_aq_mmlt_prospective.png> <./figs/convgraphil1g_aq_mml
t_prospective.png> <./figs/explopattern1g_aq_mmlt_prospective.png>]
Overfull \hbox (2.14355pt too wide) in paragraph at lines 135--137
\OT1/cmr/m/n/12 with $(\OML/cmm/m/it/12 w[]; [] ; w[]\OT1/cmr/m/n/12 ) \OMS/cms
y/m/n/12 ^^X []\OT1/cmr/m/n/12 (1\OML/cmm/m/it/12 ; [] ; \OT1/cmr/m/n/12 1)$, $
\OML/cmm/m/it/12 ^^V[] \OMS/cmsy/m/n/12 ^^X []\OT1/cmr/m/n/12 ([0\OML/cmm/m/it/
12 ; \OT1/cmr/m/n/12 1][])$ and $^^F = [](\OML/cmm/m/it/12 ^^[[]; [] ; ^^[[]\OT
1/cmr/m/n/12 )$,
 []


Underfull \hbox (badness 10000) has occurred while \output is active
\OT1/cmr/m/n/10.95 88
 []

[88]

LaTeX Warning: No positions in optional float specifier.
               Default added (so using `tbp') on input line 155.


Overfull \hbox (27.31964pt too wide) in paragraph at lines 156--164
[][] 
 []

<figs/ex1b_mean.png, id=1730, 433.62pt x 289.08pt>
File: figs/ex1b_mean.png Graphic file (type png)
<use figs/ex1b_mean.png>
Package pdftex.def Info: figs/ex1b_mean.png  used on input line 170.
(pdftex.def)             Requested size: 213.39568pt x 142.26357pt.
<figs/ex1b_cov.png, id=1731, 433.62pt x 289.08pt>
File: figs/ex1b_cov.png Graphic file (type png)
<use figs/ex1b_cov.png>
Package pdftex.def Info: figs/ex1b_cov.png  used on input line 172.
(pdftex.def)             Requested size: 213.39568pt x 142.26357pt.
<figs/ex4b_mean.png, id=1732, 433.62pt x 289.08pt>
File: figs/ex4b_mean.png Graphic file (type png)
<use figs/ex4b_mean.png>
Package pdftex.def Info: figs/ex4b_mean.png  used on input line 176.
(pdftex.def)             Requested size: 213.39568pt x 142.26357pt.
<figs/ex4b_cov.png, id=1733, 433.62pt x 289.08pt>
File: figs/ex4b_cov.png Graphic file (type png)
<use figs/ex4b_cov.png>
Package pdftex.def Info: figs/ex4b_cov.png  used on input line 178.
(pdftex.def)             Requested size: 213.39568pt x 142.26357pt.
<figs/ex5b_mean.png, id=1734, 433.62pt x 289.08pt>
File: figs/ex5b_mean.png Graphic file (type png)
<use figs/ex5b_mean.png>
Package pdftex.def Info: figs/ex5b_mean.png  used on input line 181.
(pdftex.def)             Requested size: 213.39568pt x 142.26357pt.
<figs/ex5b_cov.png, id=1735, 433.62pt x 289.08pt>
File: figs/ex5b_cov.png Graphic file (type png)
<use figs/ex5b_cov.png>
Package pdftex.def Info: figs/ex5b_cov.png  used on input line 183.
(pdftex.def)             Requested size: 213.39568pt x 142.26357pt.

Underfull \vbox (badness 10000) has occurred while \output is active []

 [89]
Underfull \hbox (badness 10000) has occurred while \output is active
\OT1/cmr/m/n/10.95 90
 []

[90 <./figs/ex1b_mean.png> <./figs/ex1b_cov.png> <./figs/ex4b_mean.png> <./figs
/ex4b_cov.png> <./figs/ex5b_mean.png> <./figs/ex5b_cov.png>]
Underfull \vbox (badness 10000) has occurred while \output is active []

 [91]

LaTeX Warning: `h' float specifier changed to `ht'.


Underfull \vbox (badness 10000) has occurred while \output is active []


Underfull \hbox (badness 10000) has occurred while \output is active
\OT1/cmr/m/n/10.95 92
 []

[92] [93]
<figs/sourceproblemhistogramsvb.png, id=1794, 712.6625pt x 714.67pt>
File: figs/sourceproblemhistogramsvb.png Graphic file (type png)
<use figs/sourceproblemhistogramsvb.png>
Package pdftex.def Info: figs/sourceproblemhistogramsvb.png  used on input line
 275.
(pdftex.def)             Requested size: 341.43437pt x 342.3943pt.
<figs/sourceproblemhistogramsemcee.png, id=1798, 712.6625pt x 714.67pt>
File: figs/sourceproblemhistogramsemcee.png Graphic file (type png)
<use figs/sourceproblemhistogramsemcee.png>
Package pdftex.def Info: figs/sourceproblemhistogramsemcee.png  used on input l
ine 284.
(pdftex.def)             Requested size: 341.43437pt x 342.3943pt.

Underfull \hbox (badness 10000) has occurred while \output is active
\OT1/cmr/m/n/10.95 94
 []

[94] [95 <./figs/sourceproblemhistogramsvb.png>]
Underfull \hbox (badness 10000) has occurred while \output is active
\OT1/cmr/m/n/10.95 96
 []

[96 <./figs/sourceproblemhistogramsemcee.png>]) (./chapters/capituloG.tex
[97]
Underfull \vbox (badness 10000) has occurred while \output is active []


Underfull \hbox (badness 10000) has occurred while \output is active
\OT1/cmr/m/n/10.95 98
 []

[98

]
Underfull \vbox (badness 10000) has occurred while \output is active []

 [99])
(./main.bbl
Underfull \hbox (badness 10000) has occurred while \output is active
\OT1/cmr/m/n/10.95 100
 []

[100] [101

]
Underfull \hbox (badness 10000) has occurred while \output is active
\OT1/cmr/m/n/10.95 102
 []

[102] [103]
Underfull \hbox (badness 10000) has occurred while \output is active
\OT1/cmr/m/n/10.95 104
 []

[104] [105]
Underfull \hbox (badness 1314) in paragraph at lines 287--291
[]\OT1/cmr/m/n/12 Jos^^Se Miguel Hern^^Sandez-Lobato, Yingzhen Li, Mark Row-lan
d , Daniel
 []


Underfull \hbox (badness 10000) has occurred while \output is active
\OT1/cmr/m/n/10.95 106
 []

[106] [107]
Underfull \hbox (badness 10000) has occurred while \output is active
\OT1/cmr/m/n/10.95 108
 []

[108] [109]
Underfull \hbox (badness 10000) has occurred while \output is active
\OT1/cmr/m/n/10.95 110
 []

[110] [111]
Underfull \hbox (badness 10000) has occurred while \output is active
\OT1/cmr/m/n/10.95 112
 []

[112] [113])
Underfull \hbox (badness 10000) has occurred while \output is active
\OT1/cmr/m/n/10.95 114
 []

[114] (./post-text/apendice.tex
Underfull \vbox (badness 10000) has occurred while \output is active []

 [115


]
Underfull \vbox (badness 10000) has occurred while \output is active []


Underfull \hbox (badness 10000) has occurred while \output is active
\OT1/cmr/m/n/10.95 116
 []

[116]
Underfull \vbox (badness 10000) has occurred while \output is active []

 [117]
Overfull \hbox (1.3085pt too wide) in paragraph at lines 93--94
[]\OT1/cmr/m/n/12 Nothing is re-ally gained by con-sid-er-ing the ex-act pos-te
-ri-ors $\OML/cmm/m/it/12 p\OT1/cmr/m/n/12 (\OT1/cmr/bx/n/12 f\OMS/cmsy/m/n/12 
j\OT1/cmr/bx/n/12 u\OT1/cmr/m/n/12 )$ and $\OML/cmm/m/it/12 p\OT1/cmr/m/n/12 (\
OT1/cmr/bx/n/12 f[]\OMS/cmsy/m/n/12 j\OT1/cmr/bx/n/12 u\OT1/cmr/m/n/12 )$,
 []


Underfull \vbox (badness 10000) has occurred while \output is active []


Underfull \hbox (badness 10000) has occurred while \output is active
\OT1/cmr/m/n/10.95 118
 []

[118]
Underfull \vbox (badness 10000) has occurred while \output is active []

 [119]
Underfull \vbox (badness 10000) has occurred while \output is active []


Underfull \hbox (badness 10000) has occurred while \output is active
\OT1/cmr/m/n/10.95 120
 []

[120]
Underfull \vbox (badness 10000) has occurred while \output is active []

 [121]
Underfull \vbox (badness 10000) has occurred while \output is active []


Underfull \hbox (badness 10000) has occurred while \output is active
\OT1/cmr/m/n/10.95 122
 []

[122]
Underfull \vbox (badness 10000) has occurred while \output is active []

 [123]
Underfull \vbox (badness 10000) has occurred while \output is active []


Underfull \hbox (badness 10000) has occurred while \output is active
\OT1/cmr/m/n/10.95 124
 []

[124] [125]
Underfull \vbox (badness 10000) has occurred while \output is active []


Underfull \hbox (badness 10000) has occurred while \output is active
\OT1/cmr/m/n/10.95 126
 []

[126

] [127]
Underfull \vbox (badness 10000) has occurred while \output is active []


Underfull \hbox (badness 10000) has occurred while \output is active
\OT1/cmr/m/n/10.95 128
 []

[128


] [129]
Overfull \hbox (16.53041pt too wide) in paragraph at lines 400--400
\OT1/cmss/bx/n/17.28 APPENDIX D SPEC-TRAL MIX-TURE KER-NELS AND
 []


Overfull \hbox (14.26006pt too wide) in paragraph at lines 401--402
\OT1/cmr/m/n/12 Gaus-sian dis-tri-bu-tion $\OML/cmm/m/it/12 p\OT1/cmr/m/n/12 (\
OML/cmm/m/it/12 x\OT1/cmr/m/n/12 ) = \OMS/cmsy/m/n/12 N\OT1/cmr/m/n/12 (\OML/cm
m/m/it/12 x\OMS/cmsy/m/n/12 j\OML/cmm/m/it/12 ^^V; \OT1/cmr/m/n/12 ^^F)$ with d
i-ag-o-nal co-vari-ance $^^F = [](\OML/cmm/m/it/12 ^^[[]; [] ; ^^[[]\OT1/cmr/m/
n/12 )$,
 []


Underfull \vbox (badness 10000) has occurred while \output is active []


Underfull \hbox (badness 10000) has occurred while \output is active
\OT1/cmr/m/n/10.95 130
 []

[130

]
Overfull \hbox (41.07213pt too wide) detected at line 450
[]
 []


Underfull \vbox (badness 10000) has occurred while \output is active []

 [131]
Underfull \hbox (badness 10000) has occurred while \output is active
\OT1/cmr/m/n/10.95 132
 []

[132]
Overfull \hbox (16.1432pt too wide) in paragraph at lines 495--497
\OT1/cmr/m/n/12 strained one. Fi-nally, since $\OML/cmm/m/it/12 ^^^\OT1/cmr/m/n
/12 (\OT1/cmr/bx/n/12 f\OT1/cmr/m/n/12 ) = []\OMS/cmsy/m/n/12 N\OT1/cmr/m/n/12 
(\OT1/cmr/bx/n/12 y\OMS/cmsy/m/n/12 j\OML/cmm/m/it/12 ; ^^[[]I\OT1/cmr/m/n/12 
)\OML/cmm/m/it/12 p\OT1/cmr/m/n/12 (\OT1/cmr/bx/n/12 f[]\OT1/cmr/m/n/12 )$, wit
h $\OML/cmm/m/it/12 Z \OT1/cmr/m/n/12 = [] \OMS/cmsy/m/n/12 N\OT1/cmr/m/n/12 (\
OT1/cmr/bx/n/12 y\OMS/cmsy/m/n/12 j\OML/cmm/m/it/12 ; ^^[[]I\OT1/cmr/m/n/12 )\
OML/cmm/m/it/12 p\OT1/cmr/m/n/12 (\OT1/cmr/bx/n/12 f[]\OT1/cmr/m/n/12 )\OML/cmm
/m/it/12 d\OT1/cmr/bx/n/12 f[]$\OT1/cmr/m/n/12 ,
 []


Underfull \vbox (badness 10000) has occurred while \output is active []

 [133

]
Underfull \hbox (badness 10000) has occurred while \output is active
\OT1/cmr/m/n/10.95 134
 []

[134]) 
AED: lastpage setting LastPage
[135

]
Package atveryend Info: Empty hook `BeforeClearDocument' on input line 148.
Package atveryend Info: Empty hook `AfterLastShipout' on input line 148.
 (./main.aux)
Package atveryend Info: Executing hook `AtVeryEndDocument' on input line 148.
Package atveryend Info: Executing hook `AtEndAfterFileList' on input line 148.
Package rerunfilecheck Info: File `main.out' has not changed.
(rerunfilecheck)             Checksum: E75578DB86699748CFC397D1F9BA7D42;5533.


LaTeX Font Warning: Size substitutions with differences
(Font)              up to 1.28pt have occurred.


LaTeX Warning: There were undefined references.


LaTeX Warning: There were multiply-defined labels.

Package atveryend Info: Empty hook `AtVeryVeryEnd' on input line 148.
 )
(\end occurred inside a group at level 6)

### simple group (level 6) entered at line 182 ({)
### simple group (level 5) entered at line 178 ({)
### simple group (level 4) entered at line 174 ({)
### simple group (level 3) entered at line 170 ({)
### simple group (level 2) entered at line 166 ({)
### simple group (level 1) entered at line 162 ({)
### bottom level 
Here is how much of TeX's memory you used:
 13191 strings out of 492982
 190413 string characters out of 6134897
 341050 words of memory out of 5000000
 15717 multiletter control sequences out of 15000+600000
 22285 words of font info for 80 fonts, out of 8000000 for 9000
 1141 hyphenation exceptions out of 8191
 44i,22n,49p,1713b,1567s stack positions out of 5000i,500n,10000p,200000b,80000s
</usr/share/texlive/texmf-dist/fonts/type1/public/amsfonts/cm/c
mbx10.pfb></usr/share/texlive/texmf-dist/fonts/type1/public/amsfonts/cm/cmbx12.
pfb></usr/share/texlive/texmf-dist/fonts/type1/public/amsfonts/cm/cmbx8.pfb></u
sr/share/texlive/texmf-dist/fonts/type1/public/amsfonts/cm/cmbxti10.pfb></usr/s
hare/texlive/texmf-dist/fonts/type1/public/amsfonts/cm/cmcsc10.pfb></usr/share/
texlive/texmf-dist/fonts/type1/public/amsfonts/cm/cmex10.pfb></usr/share/texliv
e/texmf-dist/fonts/type1/public/amsfonts/cmextra/cmex8.pfb></usr/share/texlive/
texmf-dist/fonts/type1/public/amsfonts/cm/cmmi10.pfb></usr/share/texlive/texmf-
dist/fonts/type1/public/amsfonts/cm/cmmi12.pfb></usr/share/texlive/texmf-dist/f
onts/type1/public/amsfonts/cm/cmmi6.pfb></usr/share/texlive/texmf-dist/fonts/ty
pe1/public/amsfonts/cm/cmmi7.pfb></usr/share/texlive/texmf-dist/fonts/type1/pub
lic/amsfonts/cm/cmmi8.pfb></usr/share/texlive/texmf-dist/fonts/type1/public/ams
fonts/cm/cmr10.pfb></usr/share/texlive/texmf-dist/fonts/type1/public/amsfonts/c
m/cmr12.pfb></usr/share/texlive/texmf-dist/fonts/type1/public/amsfonts/cm/cmr5.
pfb></usr/share/texlive/texmf-dist/fonts/type1/public/amsfonts/cm/cmr6.pfb></us
r/share/texlive/texmf-dist/fonts/type1/public/amsfonts/cm/cmr7.pfb></usr/share/
texlive/texmf-dist/fonts/type1/public/amsfonts/cm/cmr8.pfb></usr/share/texlive/
texmf-dist/fonts/type1/public/amsfonts/cm/cmssbx10.pfb></usr/share/texlive/texm
f-dist/fonts/type1/public/amsfonts/cm/cmsy10.pfb></usr/share/texlive/texmf-dist
/fonts/type1/public/amsfonts/cm/cmsy6.pfb></usr/share/texlive/texmf-dist/fonts/
type1/public/amsfonts/cm/cmsy7.pfb></usr/share/texlive/texmf-dist/fonts/type1/p
ublic/amsfonts/cm/cmsy8.pfb></usr/share/texlive/texmf-dist/fonts/type1/public/a
msfonts/cm/cmti10.pfb></usr/share/texlive/texmf-dist/fonts/type1/public/amsfont
s/cm/cmti12.pfb></usr/share/texlive/texmf-dist/fonts/type1/public/amsfonts/cm/c
mtt10.pfb></usr/share/texlive/texmf-dist/fonts/type1/public/amsfonts/cm/cmtt12.
pfb></usr/share/texlive/texmf-dist/fonts/type1/public/amsfonts/symbols/msbm10.p
fb>
Output written on main.pdf (149 pages, 1577283 bytes).
PDF statistics:
 2374 PDF objects out of 2487 (max. 8388607)
 2075 compressed objects within 21 object streams
 743 named destinations out of 1000 (max. 500000)
 818 words of extra memory for PDF output out of 10000 (max. 10000000)

